{
  "stats": {
    "suites": 1,
    "tests": 1,
    "passes": 1,
    "pending": 0,
    "failures": 0,
    "start": "2024-06-03T09:13:46.186Z",
    "end": "2024-06-03T09:13:49.969Z",
    "duration": 3783,
    "testsRegistered": 1,
    "passPercent": 100,
    "pendingPercent": 0,
    "other": 0,
    "hasOther": false,
    "skipped": 0,
    "hasSkipped": false
  },
  "results": [
    {
      "uuid": "3465cb65-76b1-47ea-800c-541affad4ab7",
      "title": "",
      "fullFile": "cypress\\e2e\\Mon_premier_test.cy.js",
      "file": "cypress\\e2e\\Mon_premier_test.cy.js",
      "beforeHooks": [],
      "afterHooks": [],
      "tests": [],
      "suites": [
        {
          "uuid": "f4a8aa35-915d-4878-8194-edc2313695ed",
          "title": "Formualire Raja",
          "fullFile": "",
          "file": "",
          "beforeHooks": [],
          "afterHooks": [],
          "tests": [
            {
              "title": "visiter un site",
              "fullTitle": "Formualire Raja visiter un site",
              "timedOut": null,
              "duration": 3750,
              "state": "passed",
              "speed": "fast",
              "pass": true,
              "fail": false,
              "pending": false,
              "context": null,
              "code": "cy.viewport(900, 500);\ncy.visit('https://demo.applitools.com/');\ncy.get(\"#username\").type('username').clear();\n//cy.pause()\ncy.wait(1500);\n//cy.screenshot()\ncy.get('[placeholder=\"Enter your username\"]');\ncy.get(\"#password\").type('password');\ncy.get(\".form-check-input\").check();\ncy.contains(\"Remember Me\").click();\ncy.contains(\"Sign in\").click();",
              "err": {},
              "uuid": "807f8c45-64c8-48f8-836d-997089d124e4",
              "parentUUID": "f4a8aa35-915d-4878-8194-edc2313695ed",
              "isHook": false,
              "skipped": false
            }
          ],
          "suites": [],
          "passes": [
            "807f8c45-64c8-48f8-836d-997089d124e4"
          ],
          "failures": [],
          "pending": [],
          "skipped": [],
          "duration": 3750,
          "root": false,
          "rootEmpty": false,
          "_timeout": 2000
        }
      ],
      "passes": [],
      "failures": [],
      "pending": [],
      "skipped": [],
      "duration": 0,
      "root": true,
      "rootEmpty": true,
      "_timeout": 2000
    }
  ],
  "meta": {
    "mocha": {
      "version": "7.0.1"
    },
    "mochawesome": {
      "options": {
        "quiet": false,
        "reportFilename": "mochawesome",
        "saveHtml": false,
        "saveJson": true,
        "consoleReporter": "spec",
        "useInlineDiffs": false,
        "code": true
      },
      "version": "7.1.3"
    },
    "marge": {
      "options": {
        "overwrite": false,
        "html": false,
        "json": true,
        "reportDir": "cypress\\reports\\html\\.jsons"
      },
      "version": "6.2.0"
    }
  }
}